[2026-02-21T10:41:56Z] Watchdog gestartet (interval=60s)
[2026-02-21T10:41:56Z] Monitor nicht aktiv -> starte neu
Started Phase 1 monitor
- PID: 24908
- Log: logs/phase1_monitor_20260221T104156Z.log
- CSV: oracle_lag_log.csv
[2026-02-21T10:41:56Z] status=RESTARTED rows=1286 restarts=1 no_growth_cycles=0
[2026-02-21T10:42:33Z] Watchdog gestartet (interval=60s)
[2026-02-21T10:42:33Z] status=EXTERNAL_ACTIVE rows=1300 restarts=0 no_growth_cycles=0
[2026-02-21T15:27:08Z] Watchdog gestartet (interval=60s)
[2026-02-21T15:27:08Z] Watchdog gestartet (interval=60s)
[2026-02-21T15:27:08Z] status=RUNNING rows=7034 restarts=0 no_growth_cycles=0
[2026-02-21T15:27:08Z] status=RUNNING rows=7034 restarts=0 no_growth_cycles=0
[2026-02-21T15:28:08Z] status=RUNNING rows=7068 restarts=0 no_growth_cycles=0
[2026-02-21T15:28:08Z] status=RUNNING rows=7068 restarts=0 no_growth_cycles=0
[2026-02-21T15:29:08Z] status=RUNNING rows=7102 restarts=0 no_growth_cycles=0
[2026-02-21T15:29:08Z] status=RUNNING rows=7102 restarts=0 no_growth_cycles=0
[2026-02-21T15:30:08Z] status=RUNNING rows=7136 restarts=0 no_growth_cycles=0
[2026-02-21T15:30:08Z] status=RUNNING rows=7136 restarts=0 no_growth_cycles=0
[2026-02-21T15:31:08Z] status=RUNNING rows=7169 restarts=0 no_growth_cycles=0
[2026-02-21T15:31:08Z] status=RUNNING rows=7169 restarts=0 no_growth_cycles=0
[2026-02-21T15:32:09Z] status=RUNNING rows=7202 restarts=0 no_growth_cycles=0
[2026-02-21T15:32:09Z] status=RUNNING rows=7202 restarts=0 no_growth_cycles=0
[2026-02-21T15:33:09Z] status=RUNNING rows=7238 restarts=0 no_growth_cycles=0
[2026-02-21T15:33:09Z] status=RUNNING rows=7238 restarts=0 no_growth_cycles=0
[2026-02-21T15:34:09Z] status=RUNNING rows=7271 restarts=0 no_growth_cycles=0
[2026-02-21T15:34:09Z] status=RUNNING rows=7271 restarts=0 no_growth_cycles=0
[2026-02-21T15:35:09Z] status=RUNNING rows=7304 restarts=0 no_growth_cycles=0
[2026-02-21T15:35:09Z] status=RUNNING rows=7304 restarts=0 no_growth_cycles=0
[2026-02-21T15:36:09Z] status=RUNNING rows=7338 restarts=0 no_growth_cycles=0
[2026-02-21T15:36:09Z] status=RUNNING rows=7338 restarts=0 no_growth_cycles=0
[2026-02-21T15:37:09Z] status=RUNNING rows=7373 restarts=0 no_growth_cycles=0
[2026-02-21T15:37:09Z] status=RUNNING rows=7373 restarts=0 no_growth_cycles=0
[2026-02-21T15:38:09Z] status=RUNNING rows=7407 restarts=0 no_growth_cycles=0
[2026-02-21T15:38:09Z] status=RUNNING rows=7407 restarts=0 no_growth_cycles=0
[2026-02-21T15:39:09Z] status=RUNNING rows=7442 restarts=0 no_growth_cycles=0
[2026-02-21T15:39:09Z] status=RUNNING rows=7442 restarts=0 no_growth_cycles=0
[2026-02-21T15:40:09Z] status=RUNNING rows=7475 restarts=0 no_growth_cycles=0
[2026-02-21T15:40:09Z] status=RUNNING rows=7475 restarts=0 no_growth_cycles=0
[2026-02-21T15:41:09Z] status=RUNNING rows=7509 restarts=0 no_growth_cycles=0
[2026-02-21T15:41:09Z] status=RUNNING rows=7509 restarts=0 no_growth_cycles=0
[2026-02-21T15:42:09Z] status=RUNNING rows=7544 restarts=0 no_growth_cycles=0
[2026-02-21T15:42:09Z] status=RUNNING rows=7544 restarts=0 no_growth_cycles=0
[2026-02-21T15:43:09Z] status=RUNNING rows=7577 restarts=0 no_growth_cycles=0
[2026-02-21T15:43:09Z] status=RUNNING rows=7577 restarts=0 no_growth_cycles=0
[2026-02-21T15:44:09Z] status=RUNNING rows=7611 restarts=0 no_growth_cycles=0
[2026-02-21T15:44:09Z] status=RUNNING rows=7611 restarts=0 no_growth_cycles=0
[2026-02-21T15:45:09Z] status=RUNNING rows=7644 restarts=0 no_growth_cycles=0
[2026-02-21T15:45:09Z] status=RUNNING rows=7644 restarts=0 no_growth_cycles=0
[2026-02-21T15:46:09Z] status=RUNNING rows=7677 restarts=0 no_growth_cycles=0
[2026-02-21T15:46:09Z] status=RUNNING rows=7677 restarts=0 no_growth_cycles=0
[2026-02-21T15:47:09Z] status=RUNNING rows=7713 restarts=0 no_growth_cycles=0
[2026-02-21T15:47:09Z] status=RUNNING rows=7713 restarts=0 no_growth_cycles=0
[2026-02-21T15:48:09Z] status=RUNNING rows=7746 restarts=0 no_growth_cycles=0
[2026-02-21T15:48:09Z] status=RUNNING rows=7746 restarts=0 no_growth_cycles=0
[2026-02-21T15:49:09Z] status=RUNNING rows=7780 restarts=0 no_growth_cycles=0
[2026-02-21T15:49:09Z] status=RUNNING rows=7780 restarts=0 no_growth_cycles=0
[2026-02-21T15:50:09Z] status=RUNNING rows=7815 restarts=0 no_growth_cycles=0
[2026-02-21T15:50:09Z] status=RUNNING rows=7815 restarts=0 no_growth_cycles=0
[2026-02-21T15:51:09Z] status=RUNNING rows=7848 restarts=0 no_growth_cycles=0
[2026-02-21T15:51:09Z] status=RUNNING rows=7848 restarts=0 no_growth_cycles=0
[2026-02-21T15:52:09Z] status=RUNNING rows=7883 restarts=0 no_growth_cycles=0
[2026-02-21T15:52:09Z] status=RUNNING rows=7883 restarts=0 no_growth_cycles=0
[2026-02-21T15:53:09Z] status=RUNNING rows=7917 restarts=0 no_growth_cycles=0
[2026-02-21T15:53:09Z] status=RUNNING rows=7917 restarts=0 no_growth_cycles=0
[2026-02-21T15:54:09Z] status=RUNNING rows=7950 restarts=0 no_growth_cycles=0
[2026-02-21T15:54:09Z] status=RUNNING rows=7950 restarts=0 no_growth_cycles=0
[2026-02-21T17:50:10Z] status=RUNNING rows=7967 restarts=0 no_growth_cycles=0
[2026-02-21T17:50:10Z] status=RUNNING rows=7967 restarts=0 no_growth_cycles=0
[2026-02-21T18:37:01Z] status=RUNNING rows=7985 restarts=0 no_growth_cycles=0
[2026-02-21T18:37:01Z] status=RUNNING rows=7985 restarts=0 no_growth_cycles=0
[2026-02-21T18:38:01Z] status=RUNNING rows=8013 restarts=0 no_growth_cycles=0
[2026-02-21T18:38:01Z] status=RUNNING rows=8013 restarts=0 no_growth_cycles=0
[2026-02-21T18:39:01Z] status=RUNNING rows=8048 restarts=0 no_growth_cycles=0
[2026-02-21T18:39:01Z] status=RUNNING rows=8048 restarts=0 no_growth_cycles=0
[2026-02-21T18:40:01Z] status=RUNNING rows=8081 restarts=0 no_growth_cycles=0
[2026-02-21T18:40:01Z] status=RUNNING rows=8081 restarts=0 no_growth_cycles=0
[2026-02-21T18:41:01Z] status=RUNNING rows=8114 restarts=0 no_growth_cycles=0
[2026-02-21T18:41:01Z] status=RUNNING rows=8114 restarts=0 no_growth_cycles=0
[2026-02-21T18:42:01Z] status=RUNNING rows=8147 restarts=0 no_growth_cycles=0
[2026-02-21T18:42:01Z] status=RUNNING rows=8147 restarts=0 no_growth_cycles=0
[2026-02-21T18:43:01Z] status=RUNNING rows=8180 restarts=0 no_growth_cycles=0
[2026-02-21T18:43:01Z] status=RUNNING rows=8180 restarts=0 no_growth_cycles=0
[2026-02-21T18:44:01Z] status=RUNNING rows=8214 restarts=0 no_growth_cycles=0
[2026-02-21T18:44:01Z] status=RUNNING rows=8214 restarts=0 no_growth_cycles=0
[2026-02-21T18:45:01Z] status=RUNNING rows=8247 restarts=0 no_growth_cycles=0
[2026-02-21T18:45:01Z] status=RUNNING rows=8247 restarts=0 no_growth_cycles=0
[2026-02-21T18:46:01Z] status=RUNNING rows=8280 restarts=0 no_growth_cycles=0
[2026-02-21T18:46:01Z] status=RUNNING rows=8280 restarts=0 no_growth_cycles=0
[2026-02-21T18:47:01Z] status=RUNNING rows=8312 restarts=0 no_growth_cycles=0
[2026-02-21T18:47:01Z] status=RUNNING rows=8312 restarts=0 no_growth_cycles=0
[2026-02-21T18:48:01Z] status=RUNNING rows=8346 restarts=0 no_growth_cycles=0
[2026-02-21T18:48:01Z] status=RUNNING rows=8346 restarts=0 no_growth_cycles=0
[2026-02-21T18:49:01Z] status=RUNNING rows=8379 restarts=0 no_growth_cycles=0
[2026-02-21T18:49:01Z] status=RUNNING rows=8379 restarts=0 no_growth_cycles=0
[2026-02-21T18:50:01Z] status=RUNNING rows=8412 restarts=0 no_growth_cycles=0
[2026-02-21T18:50:01Z] status=RUNNING rows=8412 restarts=0 no_growth_cycles=0
[2026-02-21T18:51:01Z] status=RUNNING rows=8446 restarts=0 no_growth_cycles=0
[2026-02-21T18:51:01Z] status=RUNNING rows=8446 restarts=0 no_growth_cycles=0
[2026-02-21T18:52:01Z] status=RUNNING rows=8479 restarts=0 no_growth_cycles=0
[2026-02-21T18:52:01Z] status=RUNNING rows=8479 restarts=0 no_growth_cycles=0
[2026-02-21T18:53:01Z] status=RUNNING rows=8513 restarts=0 no_growth_cycles=0
[2026-02-21T18:53:01Z] status=RUNNING rows=8513 restarts=0 no_growth_cycles=0
[2026-02-21T18:54:01Z] status=RUNNING rows=8546 restarts=0 no_growth_cycles=0
[2026-02-21T18:54:01Z] status=RUNNING rows=8546 restarts=0 no_growth_cycles=0
[2026-02-21T18:55:01Z] status=RUNNING rows=8579 restarts=0 no_growth_cycles=0
[2026-02-21T18:55:01Z] status=RUNNING rows=8579 restarts=0 no_growth_cycles=0
[2026-02-21T18:56:02Z] status=RUNNING rows=8614 restarts=0 no_growth_cycles=0
[2026-02-21T18:56:02Z] status=RUNNING rows=8614 restarts=0 no_growth_cycles=0
[2026-02-21T18:57:02Z] status=RUNNING rows=8647 restarts=0 no_growth_cycles=0
[2026-02-21T18:57:02Z] status=RUNNING rows=8647 restarts=0 no_growth_cycles=0
[2026-02-21T18:58:02Z] status=RUNNING rows=8681 restarts=0 no_growth_cycles=0
[2026-02-21T18:58:02Z] status=RUNNING rows=8681 restarts=0 no_growth_cycles=0
[2026-02-21T18:59:02Z] status=RUNNING rows=8714 restarts=0 no_growth_cycles=0
[2026-02-21T18:59:02Z] status=RUNNING rows=8714 restarts=0 no_growth_cycles=0
[2026-02-21T19:00:02Z] status=RUNNING rows=8747 restarts=0 no_growth_cycles=0
[2026-02-21T19:00:02Z] status=RUNNING rows=8747 restarts=0 no_growth_cycles=0
[2026-02-21T19:01:02Z] status=RUNNING rows=8781 restarts=0 no_growth_cycles=0
[2026-02-21T19:01:02Z] status=RUNNING rows=8781 restarts=0 no_growth_cycles=0
[2026-02-21T19:02:02Z] status=RUNNING rows=8816 restarts=0 no_growth_cycles=0
[2026-02-21T19:02:02Z] status=RUNNING rows=8816 restarts=0 no_growth_cycles=0
[2026-02-21T19:03:02Z] status=RUNNING rows=8849 restarts=0 no_growth_cycles=0
[2026-02-21T19:03:02Z] status=RUNNING rows=8849 restarts=0 no_growth_cycles=0
[2026-02-21T19:04:02Z] status=RUNNING rows=8883 restarts=0 no_growth_cycles=0
[2026-02-21T19:04:02Z] status=RUNNING rows=8883 restarts=0 no_growth_cycles=0
[2026-02-21T19:05:02Z] status=RUNNING rows=8917 restarts=0 no_growth_cycles=0
[2026-02-21T19:05:02Z] status=RUNNING rows=8917 restarts=0 no_growth_cycles=0
[2026-02-21T19:06:02Z] status=RUNNING rows=8950 restarts=0 no_growth_cycles=0
[2026-02-21T19:06:02Z] status=RUNNING rows=8950 restarts=0 no_growth_cycles=0
[2026-02-21T19:07:02Z] status=RUNNING rows=8984 restarts=0 no_growth_cycles=0
[2026-02-21T19:07:02Z] status=RUNNING rows=8984 restarts=0 no_growth_cycles=0
[2026-02-21T19:08:02Z] status=RUNNING rows=9018 restarts=0 no_growth_cycles=0
[2026-02-21T19:08:02Z] status=RUNNING rows=9018 restarts=0 no_growth_cycles=0
[2026-02-21T19:09:02Z] status=RUNNING rows=9052 restarts=0 no_growth_cycles=0
[2026-02-21T19:09:02Z] status=RUNNING rows=9052 restarts=0 no_growth_cycles=0
[2026-02-21T19:10:02Z] status=RUNNING rows=9086 restarts=0 no_growth_cycles=0
[2026-02-21T19:10:02Z] status=RUNNING rows=9086 restarts=0 no_growth_cycles=0
[2026-02-21T19:11:02Z] status=RUNNING rows=9119 restarts=0 no_growth_cycles=0
[2026-02-21T19:11:02Z] status=RUNNING rows=9119 restarts=0 no_growth_cycles=0
[2026-02-21T19:12:02Z] status=RUNNING rows=9154 restarts=0 no_growth_cycles=0
[2026-02-21T19:12:02Z] status=RUNNING rows=9154 restarts=0 no_growth_cycles=0
[2026-02-21T19:13:02Z] status=RUNNING rows=9187 restarts=0 no_growth_cycles=0
[2026-02-21T19:13:02Z] status=RUNNING rows=9187 restarts=0 no_growth_cycles=0
[2026-02-21T19:14:02Z] status=RUNNING rows=9221 restarts=0 no_growth_cycles=0
[2026-02-21T19:14:02Z] status=RUNNING rows=9221 restarts=0 no_growth_cycles=0
[2026-02-21T19:15:02Z] status=RUNNING rows=9256 restarts=0 no_growth_cycles=0
[2026-02-21T19:15:02Z] status=RUNNING rows=9256 restarts=0 no_growth_cycles=0
[2026-02-21T19:16:02Z] status=RUNNING rows=9289 restarts=0 no_growth_cycles=0
[2026-02-21T19:16:02Z] status=RUNNING rows=9289 restarts=0 no_growth_cycles=0
[2026-02-21T19:17:02Z] status=RUNNING rows=9322 restarts=0 no_growth_cycles=0
[2026-02-21T19:17:02Z] status=RUNNING rows=9322 restarts=0 no_growth_cycles=0
[2026-02-21T19:18:02Z] status=RUNNING rows=9356 restarts=0 no_growth_cycles=0
[2026-02-21T19:18:02Z] status=RUNNING rows=9356 restarts=0 no_growth_cycles=0
[2026-02-21T19:19:02Z] status=RUNNING rows=9391 restarts=0 no_growth_cycles=0
[2026-02-21T19:19:02Z] status=RUNNING rows=9391 restarts=0 no_growth_cycles=0
[2026-02-21T19:20:02Z] status=RUNNING rows=9424 restarts=0 no_growth_cycles=0
[2026-02-21T19:20:02Z] status=RUNNING rows=9424 restarts=0 no_growth_cycles=0
[2026-02-21T19:21:02Z] status=RUNNING rows=9457 restarts=0 no_growth_cycles=0
[2026-02-21T19:21:02Z] status=RUNNING rows=9457 restarts=0 no_growth_cycles=0
[2026-02-21T19:22:02Z] status=RUNNING rows=9490 restarts=0 no_growth_cycles=0
[2026-02-21T19:22:02Z] status=RUNNING rows=9490 restarts=0 no_growth_cycles=0
[2026-02-21T19:23:02Z] status=RUNNING rows=9526 restarts=0 no_growth_cycles=0
[2026-02-21T19:23:02Z] status=RUNNING rows=9526 restarts=0 no_growth_cycles=0
[2026-02-21T19:24:02Z] status=RUNNING rows=9559 restarts=0 no_growth_cycles=0
[2026-02-21T19:24:02Z] status=RUNNING rows=9559 restarts=0 no_growth_cycles=0
[2026-02-21T19:25:02Z] status=RUNNING rows=9592 restarts=0 no_growth_cycles=0
[2026-02-21T19:25:02Z] status=RUNNING rows=9592 restarts=0 no_growth_cycles=0
[2026-02-21T19:26:02Z] status=RUNNING rows=9625 restarts=0 no_growth_cycles=0
[2026-02-21T19:26:02Z] status=RUNNING rows=9625 restarts=0 no_growth_cycles=0
[2026-02-21T19:27:02Z] status=RUNNING rows=9661 restarts=0 no_growth_cycles=0
[2026-02-21T19:27:02Z] status=RUNNING rows=9661 restarts=0 no_growth_cycles=0
[2026-02-21T19:28:02Z] status=RUNNING rows=9693 restarts=0 no_growth_cycles=0
[2026-02-21T19:28:02Z] status=RUNNING rows=9693 restarts=0 no_growth_cycles=0
[2026-02-21T19:29:03Z] status=RUNNING rows=9727 restarts=0 no_growth_cycles=0
[2026-02-21T19:29:03Z] status=RUNNING rows=9727 restarts=0 no_growth_cycles=0
[2026-02-21T19:30:03Z] status=RUNNING rows=9760 restarts=0 no_growth_cycles=0
[2026-02-21T19:30:03Z] status=RUNNING rows=9760 restarts=0 no_growth_cycles=0
[2026-02-21T19:31:03Z] status=RUNNING rows=9793 restarts=0 no_growth_cycles=0
[2026-02-21T19:31:03Z] status=RUNNING rows=9793 restarts=0 no_growth_cycles=0
[2026-02-21T19:32:03Z] status=RUNNING rows=9829 restarts=0 no_growth_cycles=0
[2026-02-21T19:32:03Z] status=RUNNING rows=9829 restarts=0 no_growth_cycles=0
[2026-02-21T19:33:03Z] status=RUNNING rows=9862 restarts=0 no_growth_cycles=0
[2026-02-21T19:33:03Z] status=RUNNING rows=9862 restarts=0 no_growth_cycles=0
[2026-02-21T19:34:03Z] status=RUNNING rows=9895 restarts=0 no_growth_cycles=0
[2026-02-21T19:34:03Z] status=RUNNING rows=9895 restarts=0 no_growth_cycles=0
[2026-02-21T19:35:03Z] status=RUNNING rows=9928 restarts=0 no_growth_cycles=0
[2026-02-21T19:35:03Z] status=RUNNING rows=9928 restarts=0 no_growth_cycles=0
[2026-02-21T19:36:03Z] status=RUNNING rows=9964 restarts=0 no_growth_cycles=0
[2026-02-21T19:36:03Z] status=RUNNING rows=9964 restarts=0 no_growth_cycles=0
[2026-02-21T19:37:03Z] status=RUNNING rows=9997 restarts=0 no_growth_cycles=0
[2026-02-21T19:37:03Z] status=RUNNING rows=9997 restarts=0 no_growth_cycles=0
[2026-02-21T19:38:03Z] status=RUNNING rows=10030 restarts=0 no_growth_cycles=0
[2026-02-21T19:38:03Z] status=RUNNING rows=10030 restarts=0 no_growth_cycles=0
[2026-02-21T19:39:03Z] status=RUNNING rows=10064 restarts=0 no_growth_cycles=0
[2026-02-21T19:39:03Z] status=RUNNING rows=10064 restarts=0 no_growth_cycles=0
[2026-02-21T19:40:03Z] status=RUNNING rows=10099 restarts=0 no_growth_cycles=0
[2026-02-21T19:40:03Z] status=RUNNING rows=10099 restarts=0 no_growth_cycles=0
[2026-02-21T19:41:03Z] status=RUNNING rows=10132 restarts=0 no_growth_cycles=0
[2026-02-21T19:41:03Z] status=RUNNING rows=10132 restarts=0 no_growth_cycles=0
[2026-02-21T19:42:03Z] status=RUNNING rows=10165 restarts=0 no_growth_cycles=0
[2026-02-21T19:42:03Z] status=RUNNING rows=10165 restarts=0 no_growth_cycles=0
[2026-02-21T19:43:03Z] status=RUNNING rows=10199 restarts=0 no_growth_cycles=0
[2026-02-21T19:43:03Z] status=RUNNING rows=10199 restarts=0 no_growth_cycles=0
[2026-02-21T19:44:03Z] status=RUNNING rows=10234 restarts=0 no_growth_cycles=0
[2026-02-21T19:44:03Z] status=RUNNING rows=10234 restarts=0 no_growth_cycles=0
[2026-02-21T19:45:03Z] status=RUNNING rows=10267 restarts=0 no_growth_cycles=0
[2026-02-21T19:45:03Z] status=RUNNING rows=10267 restarts=0 no_growth_cycles=0
[2026-02-21T19:46:03Z] status=RUNNING rows=10300 restarts=0 no_growth_cycles=0
[2026-02-21T19:46:03Z] status=RUNNING rows=10300 restarts=0 no_growth_cycles=0
[2026-02-21T19:47:03Z] status=RUNNING rows=10333 restarts=0 no_growth_cycles=0
[2026-02-21T19:47:03Z] status=RUNNING rows=10333 restarts=0 no_growth_cycles=0
[2026-02-21T19:48:03Z] status=RUNNING rows=10369 restarts=0 no_growth_cycles=0
[2026-02-21T19:48:03Z] status=RUNNING rows=10369 restarts=0 no_growth_cycles=0
[2026-02-21T19:49:03Z] status=RUNNING rows=10402 restarts=0 no_growth_cycles=0
[2026-02-21T19:49:03Z] status=RUNNING rows=10402 restarts=0 no_growth_cycles=0
[2026-02-21T19:50:03Z] status=RUNNING rows=10435 restarts=0 no_growth_cycles=0
[2026-02-21T19:50:03Z] status=RUNNING rows=10435 restarts=0 no_growth_cycles=0
[2026-02-21T19:51:03Z] status=RUNNING rows=10468 restarts=0 no_growth_cycles=0
[2026-02-21T19:51:03Z] status=RUNNING rows=10468 restarts=0 no_growth_cycles=0
[2026-02-21T19:52:03Z] status=RUNNING rows=10502 restarts=0 no_growth_cycles=0
[2026-02-21T19:52:03Z] status=RUNNING rows=10502 restarts=0 no_growth_cycles=0
[2026-02-21T19:53:03Z] status=RUNNING rows=10537 restarts=0 no_growth_cycles=0
[2026-02-21T19:53:03Z] status=RUNNING rows=10537 restarts=0 no_growth_cycles=0
[2026-02-21T19:54:03Z] status=RUNNING rows=10570 restarts=0 no_growth_cycles=0
[2026-02-21T19:54:03Z] status=RUNNING rows=10570 restarts=0 no_growth_cycles=0
[2026-02-21T21:01:34Z] status=RUNNING rows=10593 restarts=0 no_growth_cycles=0
[2026-02-21T21:01:34Z] status=RUNNING rows=10593 restarts=0 no_growth_cycles=0
[2026-02-21T22:12:12Z] status=RUNNING rows=10599 restarts=0 no_growth_cycles=0
[2026-02-21T22:12:12Z] status=RUNNING rows=10599 restarts=0 no_growth_cycles=0
[2026-02-22T00:13:26Z] status=RUNNING rows=10603 restarts=0 no_growth_cycles=0
[2026-02-22T00:13:26Z] status=RUNNING rows=10603 restarts=0 no_growth_cycles=0
[2026-02-22T01:37:13Z] status=RUNNING rows=10622 restarts=0 no_growth_cycles=0
[2026-02-22T01:37:13Z] status=RUNNING rows=10622 restarts=0 no_growth_cycles=0
[2026-02-22T03:23:23Z] status=RUNNING rows=10631 restarts=0 no_growth_cycles=0
[2026-02-22T03:23:23Z] status=RUNNING rows=10631 restarts=0 no_growth_cycles=0
[2026-02-22T04:04:48Z] status=RUNNING rows=10649 restarts=0 no_growth_cycles=0
[2026-02-22T04:04:48Z] status=RUNNING rows=10649 restarts=0 no_growth_cycles=0
[2026-02-22T05:22:08Z] status=RUNNING rows=10670 restarts=0 no_growth_cycles=0
[2026-02-22T05:22:08Z] status=RUNNING rows=10670 restarts=0 no_growth_cycles=0
[2026-02-22T05:23:08Z] status=RUNNING rows=10706 restarts=0 no_growth_cycles=0
[2026-02-22T05:23:08Z] status=RUNNING rows=10706 restarts=0 no_growth_cycles=0
[2026-02-22T05:24:08Z] status=RUNNING rows=10739 restarts=0 no_growth_cycles=0
[2026-02-22T05:24:08Z] status=RUNNING rows=10739 restarts=0 no_growth_cycles=0
[2026-02-22T05:25:08Z] status=RUNNING rows=10772 restarts=0 no_growth_cycles=0
[2026-02-22T05:25:08Z] status=RUNNING rows=10772 restarts=0 no_growth_cycles=0
[2026-02-22T05:26:08Z] status=RUNNING rows=10808 restarts=0 no_growth_cycles=0
[2026-02-22T05:26:08Z] status=RUNNING rows=10808 restarts=0 no_growth_cycles=0
[2026-02-22T05:27:08Z] status=RUNNING rows=10841 restarts=0 no_growth_cycles=0
[2026-02-22T05:27:08Z] status=RUNNING rows=10841 restarts=0 no_growth_cycles=0
[2026-02-22T05:28:08Z] status=RUNNING rows=10874 restarts=0 no_growth_cycles=0
[2026-02-22T05:28:08Z] status=RUNNING rows=10874 restarts=0 no_growth_cycles=0
[2026-02-22T05:29:08Z] status=RUNNING rows=10910 restarts=0 no_growth_cycles=0
[2026-02-22T05:29:08Z] status=RUNNING rows=10910 restarts=0 no_growth_cycles=0
[2026-02-22T05:30:08Z] status=RUNNING rows=10943 restarts=0 no_growth_cycles=0
[2026-02-22T05:30:08Z] status=RUNNING rows=10943 restarts=0 no_growth_cycles=0
[2026-02-22T05:31:08Z] status=RUNNING rows=10976 restarts=0 no_growth_cycles=0
[2026-02-22T05:31:08Z] status=RUNNING rows=10976 restarts=0 no_growth_cycles=0
[2026-02-22T05:32:08Z] status=RUNNING rows=11012 restarts=0 no_growth_cycles=0
[2026-02-22T05:32:08Z] status=RUNNING rows=11012 restarts=0 no_growth_cycles=0
[2026-02-22T05:33:08Z] status=RUNNING rows=11045 restarts=0 no_growth_cycles=0
[2026-02-22T05:33:08Z] status=RUNNING rows=11045 restarts=0 no_growth_cycles=0
[2026-02-22T05:34:08Z] status=RUNNING rows=11078 restarts=0 no_growth_cycles=0
[2026-02-22T05:34:08Z] status=RUNNING rows=11078 restarts=0 no_growth_cycles=0
[2026-02-22T05:35:08Z] status=RUNNING rows=11113 restarts=0 no_growth_cycles=0
[2026-02-22T05:35:08Z] status=RUNNING rows=11113 restarts=0 no_growth_cycles=0
[2026-02-22T05:36:08Z] status=RUNNING rows=11147 restarts=0 no_growth_cycles=0
[2026-02-22T05:36:08Z] status=RUNNING rows=11147 restarts=0 no_growth_cycles=0
[2026-02-22T05:37:08Z] status=RUNNING rows=11182 restarts=0 no_growth_cycles=0
[2026-02-22T05:37:08Z] status=RUNNING rows=11182 restarts=0 no_growth_cycles=0
[2026-02-22T05:38:08Z] status=RUNNING rows=11215 restarts=0 no_growth_cycles=0
[2026-02-22T05:38:08Z] status=RUNNING rows=11215 restarts=0 no_growth_cycles=0
[2026-02-22T05:39:08Z] status=RUNNING rows=11249 restarts=0 no_growth_cycles=0
[2026-02-22T05:39:08Z] status=RUNNING rows=11249 restarts=0 no_growth_cycles=0
[2026-02-22T05:40:08Z] status=RUNNING rows=11284 restarts=0 no_growth_cycles=0
[2026-02-22T05:40:08Z] status=RUNNING rows=11284 restarts=0 no_growth_cycles=0
[2026-02-22T05:41:08Z] status=RUNNING rows=11317 restarts=0 no_growth_cycles=0
[2026-02-22T05:41:08Z] status=RUNNING rows=11317 restarts=0 no_growth_cycles=0
[2026-02-22T05:42:08Z] status=RUNNING rows=11351 restarts=0 no_growth_cycles=0
[2026-02-22T05:42:08Z] status=RUNNING rows=11351 restarts=0 no_growth_cycles=0
[2026-02-22T05:43:08Z] status=RUNNING rows=11386 restarts=0 no_growth_cycles=0
[2026-02-22T05:43:08Z] status=RUNNING rows=11386 restarts=0 no_growth_cycles=0
[2026-02-22T05:44:08Z] status=RUNNING rows=11419 restarts=0 no_growth_cycles=0
[2026-02-22T05:44:08Z] status=RUNNING rows=11419 restarts=0 no_growth_cycles=0
[2026-02-22T05:45:09Z] status=RUNNING rows=11453 restarts=0 no_growth_cycles=0
[2026-02-22T05:45:09Z] status=RUNNING rows=11453 restarts=0 no_growth_cycles=0
[2026-02-22T05:46:09Z] status=RUNNING rows=11488 restarts=0 no_growth_cycles=0
[2026-02-22T05:46:09Z] status=RUNNING rows=11488 restarts=0 no_growth_cycles=0
[2026-02-22T05:47:09Z] status=RUNNING rows=11521 restarts=0 no_growth_cycles=0
[2026-02-22T05:47:09Z] status=RUNNING rows=11521 restarts=0 no_growth_cycles=0
[2026-02-22T05:48:09Z] status=RUNNING rows=11555 restarts=0 no_growth_cycles=0
[2026-02-22T05:48:09Z] status=RUNNING rows=11555 restarts=0 no_growth_cycles=0
[2026-02-22T05:49:09Z] status=RUNNING rows=11590 restarts=0 no_growth_cycles=0
[2026-02-22T05:49:09Z] status=RUNNING rows=11590 restarts=0 no_growth_cycles=0
[2026-02-22T05:50:09Z] status=RUNNING rows=11623 restarts=0 no_growth_cycles=0
[2026-02-22T05:50:09Z] status=RUNNING rows=11623 restarts=0 no_growth_cycles=0
[2026-02-22T05:51:09Z] status=RUNNING rows=11657 restarts=0 no_growth_cycles=0
[2026-02-22T05:51:09Z] status=RUNNING rows=11657 restarts=0 no_growth_cycles=0
[2026-02-22T05:52:09Z] status=RUNNING rows=11692 restarts=0 no_growth_cycles=0
[2026-02-22T05:52:09Z] status=RUNNING rows=11692 restarts=0 no_growth_cycles=0
[2026-02-22T05:53:09Z] status=RUNNING rows=11725 restarts=0 no_growth_cycles=0
[2026-02-22T05:53:09Z] status=RUNNING rows=11725 restarts=0 no_growth_cycles=0
[2026-02-22T05:54:09Z] status=RUNNING rows=11759 restarts=0 no_growth_cycles=0
[2026-02-22T05:54:09Z] status=RUNNING rows=11759 restarts=0 no_growth_cycles=0
[2026-02-22T05:55:09Z] status=RUNNING rows=11794 restarts=0 no_growth_cycles=0
[2026-02-22T05:55:09Z] status=RUNNING rows=11794 restarts=0 no_growth_cycles=0
[2026-02-22T05:56:09Z] status=RUNNING rows=11827 restarts=0 no_growth_cycles=0
[2026-02-22T05:56:09Z] status=RUNNING rows=11827 restarts=0 no_growth_cycles=0
[2026-02-22T05:57:09Z] status=RUNNING rows=11861 restarts=0 no_growth_cycles=0
[2026-02-22T05:57:09Z] status=RUNNING rows=11861 restarts=0 no_growth_cycles=0
[2026-02-22T05:58:09Z] status=RUNNING rows=11896 restarts=0 no_growth_cycles=0
[2026-02-22T05:58:09Z] status=RUNNING rows=11896 restarts=0 no_growth_cycles=0
[2026-02-22T05:59:09Z] status=RUNNING rows=11929 restarts=0 no_growth_cycles=0
[2026-02-22T05:59:09Z] status=RUNNING rows=11929 restarts=0 no_growth_cycles=0
[2026-02-22T06:00:09Z] status=RUNNING rows=11963 restarts=0 no_growth_cycles=0
[2026-02-22T06:00:09Z] status=RUNNING rows=11963 restarts=0 no_growth_cycles=0
[2026-02-22T06:01:09Z] status=RUNNING rows=11997 restarts=0 no_growth_cycles=0
[2026-02-22T06:01:09Z] status=RUNNING rows=11997 restarts=0 no_growth_cycles=0
[2026-02-22T06:02:09Z] status=RUNNING rows=12031 restarts=0 no_growth_cycles=0
[2026-02-22T06:02:09Z] status=RUNNING rows=12031 restarts=0 no_growth_cycles=0
[2026-02-22T06:03:09Z] status=RUNNING rows=12065 restarts=0 no_growth_cycles=0
[2026-02-22T06:03:09Z] status=RUNNING rows=12065 restarts=0 no_growth_cycles=0
[2026-02-22T06:04:09Z] status=RUNNING rows=12096 restarts=0 no_growth_cycles=0
[2026-02-22T06:04:09Z] status=RUNNING rows=12096 restarts=0 no_growth_cycles=0
[2026-02-22T06:05:09Z] status=RUNNING rows=12130 restarts=0 no_growth_cycles=0
[2026-02-22T06:05:09Z] status=RUNNING rows=12130 restarts=0 no_growth_cycles=0
[2026-02-22T06:06:09Z] status=RUNNING rows=12165 restarts=0 no_growth_cycles=0
[2026-02-22T06:06:09Z] status=RUNNING rows=12165 restarts=0 no_growth_cycles=0
[2026-02-22T06:07:09Z] status=RUNNING rows=12198 restarts=0 no_growth_cycles=0
[2026-02-22T06:07:09Z] status=RUNNING rows=12198 restarts=0 no_growth_cycles=0
[2026-02-22T06:08:09Z] status=RUNNING rows=12232 restarts=0 no_growth_cycles=0
[2026-02-22T06:08:09Z] status=RUNNING rows=12232 restarts=0 no_growth_cycles=0
[2026-02-22T06:09:09Z] status=RUNNING rows=12267 restarts=0 no_growth_cycles=0
[2026-02-22T06:09:09Z] status=RUNNING rows=12267 restarts=0 no_growth_cycles=0
[2026-02-22T06:10:09Z] status=RUNNING rows=12300 restarts=0 no_growth_cycles=0
[2026-02-22T06:10:09Z] status=RUNNING rows=12300 restarts=0 no_growth_cycles=0
[2026-02-22T06:11:09Z] status=RUNNING rows=12334 restarts=0 no_growth_cycles=0
[2026-02-22T06:11:09Z] status=RUNNING rows=12334 restarts=0 no_growth_cycles=0
[2026-02-22T06:12:10Z] status=RUNNING rows=12369 restarts=0 no_growth_cycles=0
[2026-02-22T06:12:10Z] status=RUNNING rows=12369 restarts=0 no_growth_cycles=0
[2026-02-22T06:13:10Z] status=RUNNING rows=12402 restarts=0 no_growth_cycles=0
[2026-02-22T06:13:10Z] status=RUNNING rows=12402 restarts=0 no_growth_cycles=0
[2026-02-22T06:14:10Z] status=RUNNING rows=12435 restarts=0 no_growth_cycles=0
[2026-02-22T06:14:10Z] status=RUNNING rows=12435 restarts=0 no_growth_cycles=0
[2026-02-22T06:15:10Z] status=RUNNING rows=12471 restarts=0 no_growth_cycles=0
[2026-02-22T06:15:10Z] status=RUNNING rows=12471 restarts=0 no_growth_cycles=0
[2026-02-22T06:16:10Z] status=RUNNING rows=12504 restarts=0 no_growth_cycles=0
[2026-02-22T06:16:10Z] status=RUNNING rows=12504 restarts=0 no_growth_cycles=0
[2026-02-22T06:17:10Z] status=RUNNING rows=12537 restarts=0 no_growth_cycles=0
[2026-02-22T06:17:10Z] status=RUNNING rows=12537 restarts=0 no_growth_cycles=0
[2026-02-22T06:18:10Z] status=RUNNING rows=12572 restarts=0 no_growth_cycles=0
[2026-02-22T06:18:10Z] status=RUNNING rows=12572 restarts=0 no_growth_cycles=0
[2026-02-22T06:19:10Z] status=RUNNING rows=12606 restarts=0 no_growth_cycles=0
[2026-02-22T06:19:10Z] status=RUNNING rows=12606 restarts=0 no_growth_cycles=0
[2026-02-22T06:20:10Z] status=RUNNING rows=12639 restarts=0 no_growth_cycles=0
[2026-02-22T06:20:10Z] status=RUNNING rows=12639 restarts=0 no_growth_cycles=0
[2026-02-22T06:21:10Z] status=RUNNING rows=12673 restarts=0 no_growth_cycles=0
[2026-02-22T06:21:10Z] status=RUNNING rows=12673 restarts=0 no_growth_cycles=0
[2026-02-22T06:22:10Z] status=RUNNING rows=12708 restarts=0 no_growth_cycles=0
[2026-02-22T06:22:10Z] status=RUNNING rows=12708 restarts=0 no_growth_cycles=0
[2026-02-22T06:23:10Z] status=RUNNING rows=12740 restarts=0 no_growth_cycles=0
[2026-02-22T06:23:10Z] status=RUNNING rows=12740 restarts=0 no_growth_cycles=0
[2026-02-22T06:24:10Z] status=RUNNING rows=12760 restarts=0 no_growth_cycles=0
[2026-02-22T06:24:10Z] status=RUNNING rows=12760 restarts=0 no_growth_cycles=0
[2026-02-22T06:25:10Z] status=RUNNING rows=12795 restarts=0 no_growth_cycles=0
[2026-02-22T06:25:10Z] status=RUNNING rows=12795 restarts=0 no_growth_cycles=0
[2026-02-22T06:26:10Z] status=RUNNING rows=12829 restarts=0 no_growth_cycles=0
[2026-02-22T06:26:10Z] status=RUNNING rows=12829 restarts=0 no_growth_cycles=0
[2026-02-22T06:27:10Z] status=RUNNING rows=12864 restarts=0 no_growth_cycles=0
[2026-02-22T06:27:10Z] status=RUNNING rows=12864 restarts=0 no_growth_cycles=0
[2026-02-22T06:28:10Z] status=RUNNING rows=12898 restarts=0 no_growth_cycles=0
[2026-02-22T06:28:10Z] status=RUNNING rows=12898 restarts=0 no_growth_cycles=0
[2026-02-22T06:29:10Z] status=RUNNING rows=12934 restarts=0 no_growth_cycles=0
[2026-02-22T06:29:10Z] status=RUNNING rows=12934 restarts=0 no_growth_cycles=0
[2026-02-22T06:30:10Z] status=RUNNING rows=12968 restarts=0 no_growth_cycles=0
[2026-02-22T06:30:10Z] status=RUNNING rows=12968 restarts=0 no_growth_cycles=0
[2026-02-22T06:31:10Z] status=RUNNING rows=13003 restarts=0 no_growth_cycles=0
[2026-02-22T06:31:10Z] status=RUNNING rows=13003 restarts=0 no_growth_cycles=0
[2026-02-22T06:32:10Z] status=RUNNING rows=13039 restarts=0 no_growth_cycles=0
[2026-02-22T06:32:10Z] status=RUNNING rows=13039 restarts=0 no_growth_cycles=0
[2026-02-22T06:33:10Z] status=RUNNING rows=13073 restarts=0 no_growth_cycles=0
[2026-02-22T06:33:10Z] status=RUNNING rows=13073 restarts=0 no_growth_cycles=0
[2026-02-22T06:34:10Z] status=RUNNING rows=13108 restarts=0 no_growth_cycles=0
[2026-02-22T06:34:10Z] status=RUNNING rows=13108 restarts=0 no_growth_cycles=0
[2026-02-22T06:35:10Z] status=RUNNING rows=13142 restarts=0 no_growth_cycles=0
[2026-02-22T06:35:10Z] status=RUNNING rows=13142 restarts=0 no_growth_cycles=0
[2026-02-22T06:36:10Z] status=RUNNING rows=13178 restarts=0 no_growth_cycles=0
[2026-02-22T06:36:10Z] status=RUNNING rows=13178 restarts=0 no_growth_cycles=0
[2026-02-22T06:37:10Z] status=RUNNING rows=13212 restarts=0 no_growth_cycles=0
[2026-02-22T06:37:10Z] status=RUNNING rows=13212 restarts=0 no_growth_cycles=0
[2026-02-22T06:38:10Z] status=RUNNING rows=13247 restarts=0 no_growth_cycles=0
[2026-02-22T06:38:10Z] status=RUNNING rows=13247 restarts=0 no_growth_cycles=0
[2026-02-22T06:39:11Z] status=RUNNING rows=13282 restarts=0 no_growth_cycles=0
[2026-02-22T06:39:11Z] status=RUNNING rows=13282 restarts=0 no_growth_cycles=0
[2026-02-22T06:40:11Z] status=RUNNING rows=13316 restarts=0 no_growth_cycles=0
[2026-02-22T06:40:11Z] status=RUNNING rows=13316 restarts=0 no_growth_cycles=0
